<?xml version="1.0" encoding="UTF-8"?>
<!-- Generated by org.testng.reporters.JUnitReportReporter -->
<testsuite skipped="0" hostname="nblap279" name="com.eltropy.twitter.TwitterTimeline" tests="10" failures="0" timestamp="04 Feb 2021 05:40:58 GMT" time="486.657" errors="0">
  <testcase name="test1" time="47.469" classname="com.eltropy.twitter.TwitterTimeline"/>
  <testcase name="test1" time="48.489" classname="com.eltropy.twitter.TwitterTimeline"/>
  <testcase name="test1" time="47.784" classname="com.eltropy.twitter.TwitterTimeline"/>
  <testcase name="test1" time="48.759" classname="com.eltropy.twitter.TwitterTimeline"/>
  <testcase name="test1" time="49.400" classname="com.eltropy.twitter.TwitterTimeline"/>
  <testcase name="test1" time="48.345" classname="com.eltropy.twitter.TwitterTimeline"/>
  <testcase name="test1" time="48.432" classname="com.eltropy.twitter.TwitterTimeline"/>
  <testcase name="test1" time="50.703" classname="com.eltropy.twitter.TwitterTimeline"/>
  <testcase name="test1" time="49.163" classname="com.eltropy.twitter.TwitterTimeline"/>
  <testcase name="test1" time="48.113" classname="com.eltropy.twitter.TwitterTimeline"/>
</testsuite> <!-- com.eltropy.twitter.TwitterTimeline -->
