<?xml version="1.0" encoding="UTF-8"?>
<!-- Generated by org.testng.reporters.JUnitReportReporter -->
<testsuite skipped="0" hostname="nblap279" name="com.eltropy.twitter.Tweets" tests="2" failures="0" timestamp="04 Feb 2021 05:40:58 GMT" time="11.667" errors="0">
  <testcase name="top10MostReTweetsCount" time="1.933" classname="com.eltropy.twitter.Tweets"/>
  <testcase name="userTweets" time="9.734" classname="com.eltropy.twitter.Tweets"/>
</testsuite> <!-- com.eltropy.twitter.Tweets -->
